[AVISO] Modo dry-run ativado: nenhuma alteração será aplicada.
SYNC EDUCACIONAL GIT

==> Validando ambiente
[OK] Repositório git detectado

==> Verificando conexão com o servidor
[OK] Conexão com servidor OK

==> Verificando identidade do git
[OK] Identidade git configurada

==> Resumo do repositório (?? = novo, M = modificado, D = deletado, UU = conflito)
-> git status --short
?? .git_logs/
?? README.md
?? git-sync.sh
?? setup.sh

==> Verificando alterações locais
[OK] Nenhuma alteração local encontrada

==> Simulando atualização com o servidor
[AVISO] Seria executado: git fetch origin
[OK] Seu repositório já está atualizado (com base nas refs locais atuais)

==> Simulando envio para o servidor
[OK] Nenhum commit novo para enviar

==> Resumo final
~ simulação de commit concluída
~ simulação de atualização concluída
~ simulação de push concluída

==> Log salvo em: .git_logs/2026-05-16_13-47-14.log
Sync concluído com sucesso.
